<?xml version="1.0" encoding="UTF-8"?>
<!-- Generated by org.testng.reporters.JUnitReportReporter -->
<testsuite hostname="NANI" failures="0" tests="1" name="Assignments.Screenshot" time="37.823" errors="0" timestamp="2024-09-24T00:39:29 IST" skipped="0">
  <testcase classname="Assignments.Screenshot" name="testCapture" time="37.823"/>
</testsuite> <!-- Assignments.Screenshot -->
