<?xml version="1.0" encoding="UTF-8"?>
<!-- Generated by org.testng.reporters.JUnitReportReporter -->
<testsuite hostname="NANI" failures="0" tests="3" name="PageObjectModel.LoginPageTest" time="3.782" errors="0" timestamp="2024-09-24T10:09:52 IST" skipped="0">
  <testcase classname="PageObjectModel.LoginPageTest" name="validateUrl" time="0.042"/>
  <testcase classname="PageObjectModel.LoginPageTest" name="validateTitle" time="0.030"/>
  <testcase classname="PageObjectModel.LoginPageTest" name="validateLogin" time="3.710"/>
</testsuite> <!-- PageObjectModel.LoginPageTest -->
